<?xml version="1.0" encoding="UTF-8"?>
<testng-results ignored="0" total="1" passed="1" failed="0" skipped="0">
  <reporter-output>
  </reporter-output>
  <suite started-at="2023-04-09T12:32:55 IST" name="Default suite" finished-at="2023-04-09T12:33:09 IST" duration-ms="14262">
    <groups>
    </groups>
    <test started-at="2023-04-09T12:32:55 IST" name="Default test" finished-at="2023-04-09T12:33:09 IST" duration-ms="14262">
      <class name="week1.AutoLogin">
        <test-method signature="run()[pri:0, instance:week1.AutoLogin@3c77d488]" started-at="2023-04-09T12:32:55 IST" name="run" finished-at="2023-04-09T12:33:09 IST" duration-ms="14176" status="PASS">
          <reporter-output>
          </reporter-output>
        </test-method> <!-- run -->
      </class> <!-- week1.AutoLogin -->
    </test> <!-- Default test -->
  </suite> <!-- Default suite -->
</testng-results>
