<?xml version="1.0" encoding="UTF-8"?>
<testng-results ignored="0" total="1" passed="1" failed="0" skipped="0">
  <reporter-output>
  </reporter-output>
  <suite started-at="2023-04-16T11:22:46 IST" name="Default suite" finished-at="2023-04-16T11:22:58 IST" duration-ms="12447">
    <groups>
    </groups>
    <test started-at="2023-04-16T11:22:46 IST" name="Default test" finished-at="2023-04-16T11:22:58 IST" duration-ms="12447">
      <class name="week2.day2.WindowHandleTest">
        <test-method signature="windowhandleTest()[pri:0, instance:week2.day2.WindowHandleTest@5ab956d7]" started-at="2023-04-16T11:22:46 IST" name="windowhandleTest" finished-at="2023-04-16T11:22:58 IST" duration-ms="12389" status="PASS">
          <reporter-output>
          </reporter-output>
        </test-method> <!-- windowhandleTest -->
      </class> <!-- week2.day2.WindowHandleTest -->
    </test> <!-- Default test -->
  </suite> <!-- Default suite -->
</testng-results>
